startBattle() success
main() success
protossShipDestroyed() success
startBattle() success
damageTaken() success
BattleCruserAttack() success
protossTurnProcess() success
regenerateShield() success
terranTurnProcess() success
damageTaken() success
BattleCruserAttack() success
protossTurnProcess() success
regenerateShield() success
terranTurnProcess() success
damageTaken() success
BattleCruserAttack() success
protossTurnProcess() success
regenerateShield() success
terranTurnProcess() success
damageTaken() success
BattleCruserAttack() success
protossTurnProcess() success
regenerateShield() success
terranTurnProcess() success
damageTaken() success
BattleCruserAttack() success
protossTurnProcess() success
regenerateShield() success
terranTurnProcess() success
damageTaken() success
BattleCruserAttack() success
protossTurnProcess() success
regenerateShield() success
terranTurnProcess() success
damageTaken() success
BattleCruserAttack() success
protossTurnProcess() success
regenerateShield() success
terranTurnProcess() success
damageTaken() success
BattleCruserAttack() success
protossTurnProcess() success
regenerateShield() success
terranTurnProcess() success
damageTaken() success
BattleCruserAttack() success
protossTurnProcess() success
regenerateShield() success
terranTurnProcess() success
damageTaken() success
BattleCruserAttack() success
initCarrier() success
generateProtossFleet() success
initBattleCrusher() success
generateTerranFleet() success
